<?xml version="1.0" encoding="UTF-8"?>
<testng-results ignored="0" total="5" passed="5" failed="0" skipped="0">
  <reporter-output>
    <line>
      <![CDATA[Registraion From is open]]>
    </line>
    <line>
      <![CDATA[Title is Displayed]]>
    </line>
    <line>
      <![CDATA[Register For Demo]]>
    </line>
    <line>
      <![CDATA[Title is Enabled]]>
    </line>
    <line>
      <![CDATA[---------------------------------------------------------]]>
    </line>
    <line>
      <![CDATA[First Name is Displayed]]>
    </line>
    <line>
      <![CDATA[First Name is Charan]]>
    </line>
    <line>
      <![CDATA[First name is Enabled]]>
    </line>
    <line>
      <![CDATA[---------------------------------------------------------]]>
    </line>
    <line>
      <![CDATA[Last Name is Displayed]]>
    </line>
    <line>
      <![CDATA[Last Name is Singh]]>
    </line>
    <line>
      <![CDATA[Last name is Enabled]]>
    </line>
    <line>
      <![CDATA[---------------------------------------------------------]]>
    </line>
    <line>
      <![CDATA[Gender is Displayed]]>
    </line>
    <line>
      <![CDATA[Gender is Enabled]]>
    </line>
    <line>
      <![CDATA[---------------------------------------------------------]]>
    </line>
    <line>
      <![CDATA[Address is Displayed]]>
    </line>
    <line>
      <![CDATA[Address is Palwal Haryana]]>
    </line>
    <line>
      <![CDATA[Address is Enabled]]>
    </line>
    <line>
      <![CDATA[---------------------------------------------------------]]>
    </line>
    <line>
      <![CDATA[Street Address is Displayed]]>
    </line>
    <line>
      <![CDATA[Street Address is A23]]>
    </line>
    <line>
      <![CDATA[Street Address is Enabled]]>
    </line>
    <line>
      <![CDATA[---------------------------------------------------------]]>
    </line>
    <line>
      <![CDATA[City Address is Displayed]]>
    </line>
    <line>
      <![CDATA[City Address is Palwal]]>
    </line>
    <line>
      <![CDATA[City Address is Enabled]]>
    </line>
    <line>
      <![CDATA[---------------------------------------------------------]]>
    </line>
    <line>
      <![CDATA[State is displayed]]>
    </line>
    <line>
      <![CDATA[State is Haryana]]>
    </line>
    <line>
      <![CDATA[State is enabled]]>
    </line>
    <line>
      <![CDATA[---------------------------------------------------------]]>
    </line>
    <line>
      <![CDATA[Zip Code is Displayed]]>
    </line>
    <line>
      <![CDATA[Zip Code is 121102]]>
    </line>
    <line>
      <![CDATA[Zip Code is Enabled]]>
    </line>
    <line>
      <![CDATA[---------------------------------------------------------]]>
    </line>
    <line>
      <![CDATA[Country is Displayed]]>
    </line>
    <line>
      <![CDATA[Country is India]]>
    </line>
    <line>
      <![CDATA[Country is Enabled]]>
    </line>
    <line>
      <![CDATA[---------------------------------------------------------]]>
    </line>
    <line>
      <![CDATA[Email is Displayed]]>
    </line>
    <line>
      <![CDATA[Email is akash123@gmail.com]]>
    </line>
    <line>
      <![CDATA[Email is Enabled]]>
    </line>
    <line>
      <![CDATA[---------------------------------------------------------]]>
    </line>
    <line>
      <![CDATA[Date of Demo is Displayed]]>
    </line>
    <line>
      <![CDATA[Date of Demo is 27/07/2022]]>
    </line>
    <line>
      <![CDATA[Date of Demo is Enabled]]>
    </line>
    <line>
      <![CDATA[---------------------------------------------------------]]>
    </line>
    <line>
      <![CDATA[Time in Hours is Displayed]]>
    </line>
    <line>
      <![CDATA[Time in Hours is 12]]>
    </line>
    <line>
      <![CDATA[Time in Hours is Enabled]]>
    </line>
    <line>
      <![CDATA[---------------------------------------------------------]]>
    </line>
    <line>
      <![CDATA[Time in minutes is Displayed]]>
    </line>
    <line>
      <![CDATA[Time in minutes is 30]]>
    </line>
    <line>
      <![CDATA[Time in minutes is Enabled]]>
    </line>
    <line>
      <![CDATA[---------------------------------------------------------]]>
    </line>
    <line>
      <![CDATA[Mobile number is Displayed]]>
    </line>
    <line>
      <![CDATA[Mobile number is 9034171706]]>
    </line>
    <line>
      <![CDATA[Mobile number is Enabled]]>
    </line>
    <line>
      <![CDATA[---------------------------------------------------------]]>
    </line>
    <line>
      <![CDATA[Selenium WebDriver is Displayed]]>
    </line>
    <line>
      <![CDATA[Selenium WebDriver is Enabled]]>
    </line>
    <line>
      <![CDATA[---------------------------------------------------------]]>
    </line>
    <line>
      <![CDATA[TestNG is Displayed]]>
    </line>
    <line>
      <![CDATA[TestNG is Enabled]]>
    </line>
    <line>
      <![CDATA[---------------------------------------------------------]]>
    </line>
    <line>
      <![CDATA[Core Java is Displayed]]>
    </line>
    <line>
      <![CDATA[Core Java is Enabled]]>
    </line>
    <line>
      <![CDATA[---------------------------------------------------------]]>
    </line>
    <line>
      <![CDATA[Query is Displayed]]>
    </line>
    <line>
      <![CDATA[Query is Registration for nextgen]]>
    </line>
    <line>
      <![CDATA[Query is Enabled]]>
    </line>
    <line>
      <![CDATA[---------------------------------------------------------]]>
    </line>
    <line>
      <![CDATA[Example]]>
    </line>
    <line>
      <![CDATA[ 99]]>
    </line>
    <line>
      <![CDATA[99]]>
    </line>
    <line>
      <![CDATA[Verification code is displayed]]>
    </line>
    <line>
      <![CDATA[Verification Code is enabled]]>
    </line>
    <line>
      <![CDATA[---------------------------------------------------------]]>
    </line>
    <line>
      <![CDATA[Submit  Button is displayed]]>
    </line>
    <line>
      <![CDATA[Submit Button is enabled]]>
    </line>
    <line>
      <![CDATA[Submit Button is clicked]]>
    </line>
    <line>
      <![CDATA[Registration From Successful]]>
    </line>
    <line>
      <![CDATA[Successful Message Display ]]>
    </line>
    <line>
      <![CDATA[The Actual Successful Message is [[ChromeDriver: chrome on WINDOWS (d1c120e6c41512b88a4543aa0e227527)] -> xpath: //*[@id="content"]/article/div/div/div/div/section[1]/div/div/div[1]/div/div/div/div/div]]]>
    </line>
    <line>
      <![CDATA[Trasenction Id : NXTGEN1937465]]>
    </line>
    <line>
      <![CDATA[Application is successful closed]]>
    </line>
  </reporter-output>
  <suite started-at="2022-09-07T16:27:15 IST" name="Default suite" finished-at="2022-09-07T16:28:10 IST" duration-ms="55436">
    <groups>
    </groups>
    <test started-at="2022-09-07T16:27:15 IST" name="Default test" finished-at="2022-09-07T16:28:10 IST" duration-ms="55436">
      <class name="com.telus.testng.RegisterUserDemo">
        <test-method signature="launchApplication()[pri:1, instance:com.telus.testng.RegisterUserDemo@56de5251]" started-at="2022-09-07T16:27:15 IST" name="launchApplication" finished-at="2022-09-07T16:27:52 IST" duration-ms="36638" status="PASS">
          <reporter-output>
          </reporter-output>
        </test-method> <!-- launchApplication -->
        <test-method signature="registrarionForm()[pri:2, instance:com.telus.testng.RegisterUserDemo@56de5251]" started-at="2022-09-07T16:27:52 IST" name="registrarionForm" finished-at="2022-09-07T16:28:01 IST" duration-ms="8633" status="PASS">
          <reporter-output>
            <line>
              <![CDATA[Registraion From is open]]>
            </line>
            <line>
              <![CDATA[Title is Displayed]]>
            </line>
            <line>
              <![CDATA[Register For Demo]]>
            </line>
            <line>
              <![CDATA[Title is Enabled]]>
            </line>
            <line>
              <![CDATA[---------------------------------------------------------]]>
            </line>
          </reporter-output>
        </test-method> <!-- registrarionForm -->
        <test-method signature="userRegistrarion()[pri:3, instance:com.telus.testng.RegisterUserDemo@56de5251]" started-at="2022-09-07T16:28:01 IST" name="userRegistrarion" finished-at="2022-09-07T16:28:10 IST" duration-ms="9243" status="PASS">
          <reporter-output>
            <line>
              <![CDATA[First Name is Displayed]]>
            </line>
            <line>
              <![CDATA[First Name is Charan]]>
            </line>
            <line>
              <![CDATA[First name is Enabled]]>
            </line>
            <line>
              <![CDATA[---------------------------------------------------------]]>
            </line>
            <line>
              <![CDATA[Last Name is Displayed]]>
            </line>
            <line>
              <![CDATA[Last Name is Singh]]>
            </line>
            <line>
              <![CDATA[Last name is Enabled]]>
            </line>
            <line>
              <![CDATA[---------------------------------------------------------]]>
            </line>
            <line>
              <![CDATA[Gender is Displayed]]>
            </line>
            <line>
              <![CDATA[Gender is Enabled]]>
            </line>
            <line>
              <![CDATA[---------------------------------------------------------]]>
            </line>
            <line>
              <![CDATA[Address is Displayed]]>
            </line>
            <line>
              <![CDATA[Address is Palwal Haryana]]>
            </line>
            <line>
              <![CDATA[Address is Enabled]]>
            </line>
            <line>
              <![CDATA[---------------------------------------------------------]]>
            </line>
            <line>
              <![CDATA[Street Address is Displayed]]>
            </line>
            <line>
              <![CDATA[Street Address is A23]]>
            </line>
            <line>
              <![CDATA[Street Address is Enabled]]>
            </line>
            <line>
              <![CDATA[---------------------------------------------------------]]>
            </line>
            <line>
              <![CDATA[City Address is Displayed]]>
            </line>
            <line>
              <![CDATA[City Address is Palwal]]>
            </line>
            <line>
              <![CDATA[City Address is Enabled]]>
            </line>
            <line>
              <![CDATA[---------------------------------------------------------]]>
            </line>
            <line>
              <![CDATA[State is displayed]]>
            </line>
            <line>
              <![CDATA[State is Haryana]]>
            </line>
            <line>
              <![CDATA[State is enabled]]>
            </line>
            <line>
              <![CDATA[---------------------------------------------------------]]>
            </line>
            <line>
              <![CDATA[Zip Code is Displayed]]>
            </line>
            <line>
              <![CDATA[Zip Code is 121102]]>
            </line>
            <line>
              <![CDATA[Zip Code is Enabled]]>
            </line>
            <line>
              <![CDATA[---------------------------------------------------------]]>
            </line>
            <line>
              <![CDATA[Country is Displayed]]>
            </line>
            <line>
              <![CDATA[Country is India]]>
            </line>
            <line>
              <![CDATA[Country is Enabled]]>
            </line>
            <line>
              <![CDATA[---------------------------------------------------------]]>
            </line>
            <line>
              <![CDATA[Email is Displayed]]>
            </line>
            <line>
              <![CDATA[Email is akash123@gmail.com]]>
            </line>
            <line>
              <![CDATA[Email is Enabled]]>
            </line>
            <line>
              <![CDATA[---------------------------------------------------------]]>
            </line>
            <line>
              <![CDATA[Date of Demo is Displayed]]>
            </line>
            <line>
              <![CDATA[Date of Demo is 27/07/2022]]>
            </line>
            <line>
              <![CDATA[Date of Demo is Enabled]]>
            </line>
            <line>
              <![CDATA[---------------------------------------------------------]]>
            </line>
            <line>
              <![CDATA[Time in Hours is Displayed]]>
            </line>
            <line>
              <![CDATA[Time in Hours is 12]]>
            </line>
            <line>
              <![CDATA[Time in Hours is Enabled]]>
            </line>
            <line>
              <![CDATA[---------------------------------------------------------]]>
            </line>
            <line>
              <![CDATA[Time in minutes is Displayed]]>
            </line>
            <line>
              <![CDATA[Time in minutes is 30]]>
            </line>
            <line>
              <![CDATA[Time in minutes is Enabled]]>
            </line>
            <line>
              <![CDATA[---------------------------------------------------------]]>
            </line>
            <line>
              <![CDATA[Mobile number is Displayed]]>
            </line>
            <line>
              <![CDATA[Mobile number is 9034171706]]>
            </line>
            <line>
              <![CDATA[Mobile number is Enabled]]>
            </line>
            <line>
              <![CDATA[---------------------------------------------------------]]>
            </line>
            <line>
              <![CDATA[Selenium WebDriver is Displayed]]>
            </line>
            <line>
              <![CDATA[Selenium WebDriver is Enabled]]>
            </line>
            <line>
              <![CDATA[---------------------------------------------------------]]>
            </line>
            <line>
              <![CDATA[TestNG is Displayed]]>
            </line>
            <line>
              <![CDATA[TestNG is Enabled]]>
            </line>
            <line>
              <![CDATA[---------------------------------------------------------]]>
            </line>
            <line>
              <![CDATA[Core Java is Displayed]]>
            </line>
            <line>
              <![CDATA[Core Java is Enabled]]>
            </line>
            <line>
              <![CDATA[---------------------------------------------------------]]>
            </line>
            <line>
              <![CDATA[Query is Displayed]]>
            </line>
            <line>
              <![CDATA[Query is Registration for nextgen]]>
            </line>
            <line>
              <![CDATA[Query is Enabled]]>
            </line>
            <line>
              <![CDATA[---------------------------------------------------------]]>
            </line>
            <line>
              <![CDATA[Example]]>
            </line>
            <line>
              <![CDATA[ 99]]>
            </line>
            <line>
              <![CDATA[99]]>
            </line>
            <line>
              <![CDATA[Verification code is displayed]]>
            </line>
            <line>
              <![CDATA[Verification Code is enabled]]>
            </line>
            <line>
              <![CDATA[---------------------------------------------------------]]>
            </line>
            <line>
              <![CDATA[Submit  Button is displayed]]>
            </line>
            <line>
              <![CDATA[Submit Button is enabled]]>
            </line>
            <line>
              <![CDATA[Submit Button is clicked]]>
            </line>
          </reporter-output>
        </test-method> <!-- userRegistrarion -->
        <test-method signature="successfulMessage()[pri:4, instance:com.telus.testng.RegisterUserDemo@56de5251]" started-at="2022-09-07T16:28:10 IST" name="successfulMessage" finished-at="2022-09-07T16:28:10 IST" duration-ms="59" status="PASS">
          <reporter-output>
            <line>
              <![CDATA[Registration From Successful]]>
            </line>
            <line>
              <![CDATA[Successful Message Display ]]>
            </line>
            <line>
              <![CDATA[The Actual Successful Message is [[ChromeDriver: chrome on WINDOWS (d1c120e6c41512b88a4543aa0e227527)] -> xpath: //*[@id="content"]/article/div/div/div/div/section[1]/div/div/div[1]/div/div/div/div/div]]]>
            </line>
            <line>
              <![CDATA[Trasenction Id : NXTGEN1937465]]>
            </line>
          </reporter-output>
        </test-method> <!-- successfulMessage -->
        <test-method signature="applicationClose()[pri:5, instance:com.telus.testng.RegisterUserDemo@56de5251]" started-at="2022-09-07T16:28:10 IST" name="applicationClose" finished-at="2022-09-07T16:28:10 IST" duration-ms="445" status="PASS">
          <reporter-output>
            <line>
              <![CDATA[Application is successful closed]]>
            </line>
          </reporter-output>
        </test-method> <!-- applicationClose -->
      </class> <!-- com.telus.testng.RegisterUserDemo -->
    </test> <!-- Default test -->
  </suite> <!-- Default suite -->
</testng-results>
