<?xml version="1.0" encoding="UTF-8"?>
<!-- Generated by org.testng.reporters.JUnitXMLReporter -->
<testsuite ignored="0" hostname="LAPTOP-V2K45BS6" failures="0" tests="5" name="Default test" time="55.436" errors="0" timestamp="2022-09-07T16:28:10 IST">
  <testcase classname="com.telus.testng.RegisterUserDemo" name="launchApplication" time="36.638"/>
  <testcase classname="com.telus.testng.RegisterUserDemo" name="registrarionForm" time="8.633"/>
  <testcase classname="com.telus.testng.RegisterUserDemo" name="userRegistrarion" time="9.243"/>
  <testcase classname="com.telus.testng.RegisterUserDemo" name="successfulMessage" time="0.059"/>
  <testcase classname="com.telus.testng.RegisterUserDemo" name="applicationClose" time="0.445"/>
</testsuite> <!-- Default test -->
