<?xml version="1.0" encoding="UTF-8"?>
<!-- Generated by org.testng.reporters.JUnitXMLReporter -->
<testsuite ignored="0" hostname="LAPTOP-V2K45BS6" failures="0" tests="5" name="RegisterDemo" time="42.246" errors="0" timestamp="2022-08-28T11:03:23 IST">
  <testcase classname="com.telus.testng.RegisterUserDemo" name="launchApplication" time="27.592"/>
  <testcase classname="com.telus.testng.RegisterUserDemo" name="registrarionForm" time="5.415"/>
  <testcase classname="com.telus.testng.RegisterUserDemo" name="userRegistrarion" time="7.713"/>
  <testcase classname="com.telus.testng.RegisterUserDemo" name="successfulMessage" time="0.1"/>
  <testcase classname="com.telus.testng.RegisterUserDemo" name="applicationClose" time="1.26"/>
</testsuite> <!-- RegisterDemo -->
